#
# There is insufficient memory for the Java Runtime Environment to continue.
# Native memory allocation (malloc) failed to allocate 112176 bytes for Chunk::new
# Possible reasons:
#   The system is out of physical RAM or swap space
#   The process is running with CompressedOops enabled, and the Java Heap may be blocking the growth of the native heap
# Possible solutions:
#   Reduce memory load on the system
#   Increase physical memory or swap space
#   Check if swap backing store is full
#   Decrease Java heap size (-Xmx/-Xms)
#   Decrease number of Java threads
#   Decrease Java thread stack sizes (-Xss)
#   Set larger code cache with -XX:ReservedCodeCacheSize=
#   JVM is running with Unscaled Compressed Oops mode in which the Java heap is
#     placed in the first 4GB address space. The Java Heap base address is the
#     maximum limit for the native heap growth. Please use -XX:HeapBaseMinAddress
#     to set the Java Heap base and to place the Java Heap above 4GB virtual address.
# This output file may be truncated or incomplete.
#
#  Out of Memory Error (src/hotspot/share/memory/arena.cpp:197), pid=17096, tid=23224
#
# JRE version: OpenJDK Runtime Environment JBR-11.0.15.10-2043.56-jcef (11.0.15+10) (build 11.0.15+10-b2043.56)
# Java VM: OpenJDK 64-Bit Server VM JBR-11.0.15.10-2043.56-jcef (11.0.15+10-b2043.56, mixed mode, tiered, compressed oops, g1 gc, windows-amd64)
# No core dump will be written. Minidumps are not enabled by default on client versions of Windows
#

---------------  S U M M A R Y ------------

Command Line: -Djava.rmi.server.hostname=127.0.0.1 -Duser.timezone=UTC -Xmx1024m -Xms128m -Dfile.encoding=UTF-8 com.intellij.database.remote.RemoteJdbcServer com.mysql.cj.jdbc.Driver

Host: Intel(R) Core(TM) i5-8250U CPU @ 1.60GHz, 8 cores, 7G,  Windows 10 , 64 bit Build 19041 (10.0.19041.2788)
Time: Fri Jun 23 23:08:10 2023 Tokyo Standard Time elapsed time: 1953.355597 seconds (0d 0h 32m 33s)

---------------  T H R E A D  ---------------

Current thread (0x000001cf7c406800):  JavaThread "C2 CompilerThread0" daemon [_thread_in_native, id=23224, stack(0x00000051cb100000,0x00000051cb200000)]


Current CompileTask:
C2:1953387 2399   !   4       java.io.ObjectInputStream$BlockDataInputStream::readUTFSpan (502 bytes)

Stack: [0x00000051cb100000,0x00000051cb200000]
Native frames: (J=compiled Java code, j=interpreted, Vv=VM code, C=native code)
V  [jvm.dll+0x61612a]
V  [jvm.dll+0x79c450]
V  [jvm.dll+0x79da6d]
V  [jvm.dll+0x79e143]
V  [jvm.dll+0x24cc18]
V  [jvm.dll+0xc15ac]
V  [jvm.dll+0xc1adc]
V  [jvm.dll+0x2c20d4]
V  [jvm.dll+0x52895b]
V  [jvm.dll+0x20664c]
V  [jvm.dll+0x204462]
V  [jvm.dll+0x18b6b1]
V  [jvm.dll+0x2131bf]
V  [jvm.dll+0x211a61]
V  [jvm.dll+0x76300f]
V  [jvm.dll+0x75bc15]
V  [jvm.dll+0x614d96]
C  [ucrtbase.dll+0x21bb2]
C  [KERNEL32.DLL+0x17604]
C  [ntdll.dll+0x526a1]


---------------  P R O C E S S  ---------------

Threads class SMR info:
_java_thread_list=0x000001cf7e234370, length=18, elements={
0x000001cf7146e000, 0x000001cf7c3ca000, 0x000001cf7c3d4000, 0x000001cf7c3f8800,
0x000001cf7c3f9800, 0x000001cf7c3fb000, 0x000001cf7c406800, 0x000001cf7c40d000,
0x000001cf7c40e800, 0x000001cf7cef7800, 0x000001cf7cf61800, 0x000001cf7d274000,
0x000001cf7d260800, 0x000001cf7d261800, 0x000001cf7d250000, 0x000001cf7d7b9000,
0x000001cf7e26d000, 0x000001cf7d62b800
}

Java Threads: ( => current thread )
  0x000001cf7146e000 JavaThread "main" [_thread_blocked, id=8316, stack(0x00000051ca500000,0x00000051ca600000)]
  0x000001cf7c3ca000 JavaThread "Reference Handler" daemon [_thread_blocked, id=12044, stack(0x00000051cac00000,0x00000051cad00000)]
  0x000001cf7c3d4000 JavaThread "Finalizer" daemon [_thread_blocked, id=17368, stack(0x00000051cad00000,0x00000051cae00000)]
  0x000001cf7c3f8800 JavaThread "Signal Dispatcher" daemon [_thread_blocked, id=26412, stack(0x00000051cae00000,0x00000051caf00000)]
  0x000001cf7c3f9800 JavaThread "Attach Listener" daemon [_thread_blocked, id=27412, stack(0x00000051caf00000,0x00000051cb000000)]
  0x000001cf7c3fb000 JavaThread "Service Thread" daemon [_thread_blocked, id=22836, stack(0x00000051cb000000,0x00000051cb100000)]
=>0x000001cf7c406800 JavaThread "C2 CompilerThread0" daemon [_thread_in_native, id=23224, stack(0x00000051cb100000,0x00000051cb200000)]
  0x000001cf7c40d000 JavaThread "C1 CompilerThread0" daemon [_thread_blocked, id=26036, stack(0x00000051cb200000,0x00000051cb300000)]
  0x000001cf7c40e800 JavaThread "Sweeper thread" daemon [_thread_blocked, id=5048, stack(0x00000051cb300000,0x00000051cb400000)]
  0x000001cf7cef7800 JavaThread "Common-Cleaner" daemon [_thread_blocked, id=22736, stack(0x00000051cb500000,0x00000051cb600000)]
  0x000001cf7cf61800 JavaThread "mysql-cj-abandoned-connection-cleanup" daemon [_thread_blocked, id=20988, stack(0x00000051cb700000,0x00000051cb800000)]
  0x000001cf7d274000 JavaThread "RMI TCP Accept-7491" daemon [_thread_in_native, id=6764, stack(0x00000051cb600000,0x00000051cb700000)]
  0x000001cf7d260800 JavaThread "RMI TCP Accept-0" daemon [_thread_in_native, id=19384, stack(0x00000051cb800000,0x00000051cb900000)]
  0x000001cf7d261800 JavaThread "RMI Reaper" [_thread_blocked, id=2136, stack(0x00000051cb900000,0x00000051cba00000)]
  0x000001cf7d250000 JavaThread "RMI GC Daemon" daemon [_thread_blocked, id=22824, stack(0x00000051cba00000,0x00000051cbb00000)]
  0x000001cf7d7b9000 JavaThread "RMI TCP Connection(1)-127.0.0.1" daemon [_thread_in_native, id=20072, stack(0x00000051cbd00000,0x00000051cbe00000)]
  0x000001cf7e26d000 JavaThread "RMI Scheduler(0)" daemon [_thread_blocked, id=25124, stack(0x00000051cbe00000,0x00000051cbf00000)]
  0x000001cf7d62b800 JavaThread "RMI TCP Connection(2)-127.0.0.1" daemon [_thread_in_native, id=24972, stack(0x00000051cbf00000,0x00000051cc000000)]

Other Threads:
  0x000001cf7c3c6000 VMThread "VM Thread" [stack: 0x00000051cab00000,0x00000051cac00000] [id=25436]
  0x000001cf7ceed000 WatcherThread [stack: 0x00000051cb400000,0x00000051cb500000] [id=23656]
  0x000001cf71485800 GCTaskThread "GC Thread#0" [stack: 0x00000051ca600000,0x00000051ca700000] [id=10280]
  0x000001cf7d32d000 GCTaskThread "GC Thread#1" [stack: 0x00000051cc000000,0x00000051cc100000] [id=7968]
  0x000001cf7d32e000 GCTaskThread "GC Thread#2" [stack: 0x00000051cc100000,0x00000051cc200000] [id=26392]
  0x000001cf7d8b4000 GCTaskThread "GC Thread#3" [stack: 0x00000051cc200000,0x00000051cc300000] [id=13192]
  0x000001cf714a1800 ConcurrentGCThread "G1 Main Marker" [stack: 0x00000051ca700000,0x00000051ca800000] [id=7820]
  0x000001cf714a3000 ConcurrentGCThread "G1 Conc#0" [stack: 0x00000051ca800000,0x00000051ca900000] [id=18312]
  0x000001cf7e049000 ConcurrentGCThread "G1 Conc#1" [stack: 0x00000051cc500000,0x00000051cc600000] [id=25936]
  0x000001cf71544000 ConcurrentGCThread "G1 Refine#0" [stack: 0x00000051ca900000,0x00000051caa00000] [id=5264]
  0x000001cf7cf93000 ConcurrentGCThread "G1 Refine#1" [stack: 0x00000051cc300000,0x00000051cc400000] [id=24872]
  0x000001cf7e011800 ConcurrentGCThread "G1 Refine#2" [stack: 0x00000051cc400000,0x00000051cc500000] [id=26452]
  0x000001cf71546000 ConcurrentGCThread "G1 Young RemSet Sampling" [stack: 0x00000051caa00000,0x00000051cab00000] [id=16052]

Threads with active compile tasks:
C2 CompilerThread0  1955975 2399   !   4       java.io.ObjectInputStream$BlockDataInputStream::readUTFSpan (502 bytes)

VM state:not at safepoint (normal execution)

VM Mutex/Monitor currently owned by a thread: None

Heap address: 0x00000000c0000000, size: 1024 MB, Compressed Oops mode: 32-bit
Narrow klass base: 0x0000000000000000, Narrow klass shift: 3
Compressed class space size: 1073741824 Address: 0x0000000100000000

Heap:
 garbage-first heap   total 131072K, used 26444K [0x00000000c0000000, 0x0000000100000000)
  region size 1024K, 21 young (21504K), 1 survivors (1024K)
 Metaspace       used 21514K, capacity 22146K, committed 22448K, reserved 1069056K
  class space    used 2203K, capacity 2465K, committed 2560K, reserved 1048576K
Heap Regions: E=young(eden), S=young(survivor), O=old, HS=humongous(starts), HC=humongous(continues), CS=collection set, F=free, A=archive, TAMS=top-at-mark-start (previous, next)
|   0|0x00000000c0000000, 0x00000000c0100000, 0x00000000c0100000|100%| O|  |TAMS 0x00000000c0100000, 0x00000000c0000000| Untracked 
|   1|0x00000000c0100000, 0x00000000c0200000, 0x00000000c0200000|100%| O|  |TAMS 0x00000000c0200000, 0x00000000c0100000| Untracked 
|   2|0x00000000c0200000, 0x00000000c0300000, 0x00000000c0300000|100%| O|  |TAMS 0x00000000c0300000, 0x00000000c0200000| Untracked 
|   3|0x00000000c0300000, 0x00000000c0400000, 0x00000000c0400000|100%| O|  |TAMS 0x00000000c0400000, 0x00000000c0300000| Untracked 
|   4|0x00000000c0400000, 0x00000000c0500000, 0x00000000c0500000|100%| O|  |TAMS 0x00000000c0500000, 0x00000000c0400000| Untracked 
|   5|0x00000000c0500000, 0x00000000c05ec800, 0x00000000c0600000| 92%| O|  |TAMS 0x00000000c05ec800, 0x00000000c0500000| Untracked 
|   6|0x00000000c0600000, 0x00000000c0600000, 0x00000000c0700000|  0%| F|  |TAMS 0x00000000c0600000, 0x00000000c0600000| Untracked 
|   7|0x00000000c0700000, 0x00000000c0700000, 0x00000000c0800000|  0%| F|  |TAMS 0x00000000c0700000, 0x00000000c0700000| Untracked 
|   8|0x00000000c0800000, 0x00000000c0800000, 0x00000000c0900000|  0%| F|  |TAMS 0x00000000c0800000, 0x00000000c0800000| Untracked 
|   9|0x00000000c0900000, 0x00000000c0900000, 0x00000000c0a00000|  0%| F|  |TAMS 0x00000000c0900000, 0x00000000c0900000| Untracked 
|  10|0x00000000c0a00000, 0x00000000c0a00000, 0x00000000c0b00000|  0%| F|  |TAMS 0x00000000c0a00000, 0x00000000c0a00000| Untracked 
|  11|0x00000000c0b00000, 0x00000000c0b00000, 0x00000000c0c00000|  0%| F|  |TAMS 0x00000000c0b00000, 0x00000000c0b00000| Untracked 
|  12|0x00000000c0c00000, 0x00000000c0c00000, 0x00000000c0d00000|  0%| F|  |TAMS 0x00000000c0c00000, 0x00000000c0c00000| Untracked 
|  13|0x00000000c0d00000, 0x00000000c0d00000, 0x00000000c0e00000|  0%| F|  |TAMS 0x00000000c0d00000, 0x00000000c0d00000| Untracked 
|  14|0x00000000c0e00000, 0x00000000c0e00000, 0x00000000c0f00000|  0%| F|  |TAMS 0x00000000c0e00000, 0x00000000c0e00000| Untracked 
|  15|0x00000000c0f00000, 0x00000000c0f00000, 0x00000000c1000000|  0%| F|  |TAMS 0x00000000c0f00000, 0x00000000c0f00000| Untracked 
|  16|0x00000000c1000000, 0x00000000c1000000, 0x00000000c1100000|  0%| F|  |TAMS 0x00000000c1000000, 0x00000000c1000000| Untracked 
|  17|0x00000000c1100000, 0x00000000c1100000, 0x00000000c1200000|  0%| F|  |TAMS 0x00000000c1100000, 0x00000000c1100000| Untracked 
|  18|0x00000000c1200000, 0x00000000c1200000, 0x00000000c1300000|  0%| F|  |TAMS 0x00000000c1200000, 0x00000000c1200000| Untracked 
|  19|0x00000000c1300000, 0x00000000c1300000, 0x00000000c1400000|  0%| F|  |TAMS 0x00000000c1300000, 0x00000000c1300000| Untracked 
|  20|0x00000000c1400000, 0x00000000c1400000, 0x00000000c1500000|  0%| F|  |TAMS 0x00000000c1400000, 0x00000000c1400000| Untracked 
|  21|0x00000000c1500000, 0x00000000c1500000, 0x00000000c1600000|  0%| F|  |TAMS 0x00000000c1500000, 0x00000000c1500000| Untracked 
|  22|0x00000000c1600000, 0x00000000c1600000, 0x00000000c1700000|  0%| F|  |TAMS 0x00000000c1600000, 0x00000000c1600000| Untracked 
|  23|0x00000000c1700000, 0x00000000c1700000, 0x00000000c1800000|  0%| F|  |TAMS 0x00000000c1700000, 0x00000000c1700000| Untracked 
|  24|0x00000000c1800000, 0x00000000c1800000, 0x00000000c1900000|  0%| F|  |TAMS 0x00000000c1800000, 0x00000000c1800000| Untracked 
|  25|0x00000000c1900000, 0x00000000c1900000, 0x00000000c1a00000|  0%| F|  |TAMS 0x00000000c1900000, 0x00000000c1900000| Untracked 
|  26|0x00000000c1a00000, 0x00000000c1a00000, 0x00000000c1b00000|  0%| F|  |TAMS 0x00000000c1a00000, 0x00000000c1a00000| Untracked 
|  27|0x00000000c1b00000, 0x00000000c1b00000, 0x00000000c1c00000|  0%| F|  |TAMS 0x00000000c1b00000, 0x00000000c1b00000| Untracked 
|  28|0x00000000c1c00000, 0x00000000c1c00000, 0x00000000c1d00000|  0%| F|  |TAMS 0x00000000c1c00000, 0x00000000c1c00000| Untracked 
|  29|0x00000000c1d00000, 0x00000000c1d00000, 0x00000000c1e00000|  0%| F|  |TAMS 0x00000000c1d00000, 0x00000000c1d00000| Untracked 
|  30|0x00000000c1e00000, 0x00000000c1e00000, 0x00000000c1f00000|  0%| F|  |TAMS 0x00000000c1e00000, 0x00000000c1e00000| Untracked 
|  31|0x00000000c1f00000, 0x00000000c1f00000, 0x00000000c2000000|  0%| F|  |TAMS 0x00000000c1f00000, 0x00000000c1f00000| Untracked 
|  32|0x00000000c2000000, 0x00000000c2000000, 0x00000000c2100000|  0%| F|  |TAMS 0x00000000c2000000, 0x00000000c2000000| Untracked 
|  33|0x00000000c2100000, 0x00000000c2100000, 0x00000000c2200000|  0%| F|  |TAMS 0x00000000c2100000, 0x00000000c2100000| Untracked 
|  34|0x00000000c2200000, 0x00000000c2200000, 0x00000000c2300000|  0%| F|  |TAMS 0x00000000c2200000, 0x00000000c2200000| Untracked 
|  35|0x00000000c2300000, 0x00000000c2300000, 0x00000000c2400000|  0%| F|  |TAMS 0x00000000c2300000, 0x00000000c2300000| Untracked 
|  36|0x00000000c2400000, 0x00000000c2400000, 0x00000000c2500000|  0%| F|  |TAMS 0x00000000c2400000, 0x00000000c2400000| Untracked 
|  37|0x00000000c2500000, 0x00000000c2500000, 0x00000000c2600000|  0%| F|  |TAMS 0x00000000c2500000, 0x00000000c2500000| Untracked 
|  38|0x00000000c2600000, 0x00000000c2600000, 0x00000000c2700000|  0%| F|  |TAMS 0x00000000c2600000, 0x00000000c2600000| Untracked 
|  39|0x00000000c2700000, 0x00000000c2700000, 0x00000000c2800000|  0%| F|  |TAMS 0x00000000c2700000, 0x00000000c2700000| Untracked 
|  40|0x00000000c2800000, 0x00000000c2800000, 0x00000000c2900000|  0%| F|  |TAMS 0x00000000c2800000, 0x00000000c2800000| Untracked 
|  41|0x00000000c2900000, 0x00000000c2900000, 0x00000000c2a00000|  0%| F|  |TAMS 0x00000000c2900000, 0x00000000c2900000| Untracked 
|  42|0x00000000c2a00000, 0x00000000c2a00000, 0x00000000c2b00000|  0%| F|  |TAMS 0x00000000c2a00000, 0x00000000c2a00000| Untracked 
|  43|0x00000000c2b00000, 0x00000000c2b00000, 0x00000000c2c00000|  0%| F|  |TAMS 0x00000000c2b00000, 0x00000000c2b00000| Untracked 
|  44|0x00000000c2c00000, 0x00000000c2c00000, 0x00000000c2d00000|  0%| F|  |TAMS 0x00000000c2c00000, 0x00000000c2c00000| Untracked 
|  45|0x00000000c2d00000, 0x00000000c2d00000, 0x00000000c2e00000|  0%| F|  |TAMS 0x00000000c2d00000, 0x00000000c2d00000| Untracked 
|  46|0x00000000c2e00000, 0x00000000c2e00000, 0x00000000c2f00000|  0%| F|  |TAMS 0x00000000c2e00000, 0x00000000c2e00000| Untracked 
|  47|0x00000000c2f00000, 0x00000000c2f00000, 0x00000000c3000000|  0%| F|  |TAMS 0x00000000c2f00000, 0x00000000c2f00000| Untracked 
|  48|0x00000000c3000000, 0x00000000c3000000, 0x00000000c3100000|  0%| F|  |TAMS 0x00000000c3000000, 0x00000000c3000000| Untracked 
|  49|0x00000000c3100000, 0x00000000c3100000, 0x00000000c3200000|  0%| F|  |TAMS 0x00000000c3100000, 0x00000000c3100000| Untracked 
|  50|0x00000000c3200000, 0x00000000c3200000, 0x00000000c3300000|  0%| F|  |TAMS 0x00000000c3200000, 0x00000000c3200000| Untracked 
|  51|0x00000000c3300000, 0x00000000c3300000, 0x00000000c3400000|  0%| F|  |TAMS 0x00000000c3300000, 0x00000000c3300000| Untracked 
|  52|0x00000000c3400000, 0x00000000c3400000, 0x00000000c3500000|  0%| F|  |TAMS 0x00000000c3400000, 0x00000000c3400000| Untracked 
|  53|0x00000000c3500000, 0x00000000c3500000, 0x00000000c3600000|  0%| F|  |TAMS 0x00000000c3500000, 0x00000000c3500000| Untracked 
|  54|0x00000000c3600000, 0x00000000c3600000, 0x00000000c3700000|  0%| F|  |TAMS 0x00000000c3600000, 0x00000000c3600000| Untracked 
|  55|0x00000000c3700000, 0x00000000c3700000, 0x00000000c3800000|  0%| F|  |TAMS 0x00000000c3700000, 0x00000000c3700000| Untracked 
|  56|0x00000000c3800000, 0x00000000c3800000, 0x00000000c3900000|  0%| F|  |TAMS 0x00000000c3800000, 0x00000000c3800000| Untracked 
|  57|0x00000000c3900000, 0x00000000c3900000, 0x00000000c3a00000|  0%| F|  |TAMS 0x00000000c3900000, 0x00000000c3900000| Untracked 
|  58|0x00000000c3a00000, 0x00000000c3a00000, 0x00000000c3b00000|  0%| F|  |TAMS 0x00000000c3a00000, 0x00000000c3a00000| Untracked 
|  59|0x00000000c3b00000, 0x00000000c3b00000, 0x00000000c3c00000|  0%| F|  |TAMS 0x00000000c3b00000, 0x00000000c3b00000| Untracked 
|  60|0x00000000c3c00000, 0x00000000c3c00000, 0x00000000c3d00000|  0%| F|  |TAMS 0x00000000c3c00000, 0x00000000c3c00000| Untracked 
|  61|0x00000000c3d00000, 0x00000000c3d00000, 0x00000000c3e00000|  0%| F|  |TAMS 0x00000000c3d00000, 0x00000000c3d00000| Untracked 
|  62|0x00000000c3e00000, 0x00000000c3e00000, 0x00000000c3f00000|  0%| F|  |TAMS 0x00000000c3e00000, 0x00000000c3e00000| Untracked 
|  63|0x00000000c3f00000, 0x00000000c3f00000, 0x00000000c4000000|  0%| F|  |TAMS 0x00000000c3f00000, 0x00000000c3f00000| Untracked 
|  64|0x00000000c4000000, 0x00000000c4000000, 0x00000000c4100000|  0%| F|  |TAMS 0x00000000c4000000, 0x00000000c4000000| Untracked 
|  65|0x00000000c4100000, 0x00000000c4100000, 0x00000000c4200000|  0%| F|  |TAMS 0x00000000c4100000, 0x00000000c4100000| Untracked 
|  66|0x00000000c4200000, 0x00000000c4200000, 0x00000000c4300000|  0%| F|  |TAMS 0x00000000c4200000, 0x00000000c4200000| Untracked 
|  67|0x00000000c4300000, 0x00000000c4300000, 0x00000000c4400000|  0%| F|  |TAMS 0x00000000c4300000, 0x00000000c4300000| Untracked 
|  68|0x00000000c4400000, 0x00000000c4400000, 0x00000000c4500000|  0%| F|  |TAMS 0x00000000c4400000, 0x00000000c4400000| Untracked 
|  69|0x00000000c4500000, 0x00000000c4500000, 0x00000000c4600000|  0%| F|  |TAMS 0x00000000c4500000, 0x00000000c4500000| Untracked 
|  70|0x00000000c4600000, 0x00000000c4600000, 0x00000000c4700000|  0%| F|  |TAMS 0x00000000c4600000, 0x00000000c4600000| Untracked 
|  71|0x00000000c4700000, 0x00000000c4700000, 0x00000000c4800000|  0%| F|  |TAMS 0x00000000c4700000, 0x00000000c4700000| Untracked 
|  72|0x00000000c4800000, 0x00000000c4800000, 0x00000000c4900000|  0%| F|  |TAMS 0x00000000c4800000, 0x00000000c4800000| Untracked 
|  73|0x00000000c4900000, 0x00000000c4900000, 0x00000000c4a00000|  0%| F|  |TAMS 0x00000000c4900000, 0x00000000c4900000| Untracked 
|  74|0x00000000c4a00000, 0x00000000c4a00000, 0x00000000c4b00000|  0%| F|  |TAMS 0x00000000c4a00000, 0x00000000c4a00000| Untracked 
|  75|0x00000000c4b00000, 0x00000000c4b00000, 0x00000000c4c00000|  0%| F|  |TAMS 0x00000000c4b00000, 0x00000000c4b00000| Untracked 
|  76|0x00000000c4c00000, 0x00000000c4c00000, 0x00000000c4d00000|  0%| F|  |TAMS 0x00000000c4c00000, 0x00000000c4c00000| Untracked 
|  77|0x00000000c4d00000, 0x00000000c4d00000, 0x00000000c4e00000|  0%| F|  |TAMS 0x00000000c4d00000, 0x00000000c4d00000| Untracked 
|  78|0x00000000c4e00000, 0x00000000c4e00000, 0x00000000c4f00000|  0%| F|  |TAMS 0x00000000c4e00000, 0x00000000c4e00000| Untracked 
|  79|0x00000000c4f00000, 0x00000000c4f00000, 0x00000000c5000000|  0%| F|  |TAMS 0x00000000c4f00000, 0x00000000c4f00000| Untracked 
|  80|0x00000000c5000000, 0x00000000c5000000, 0x00000000c5100000|  0%| F|  |TAMS 0x00000000c5000000, 0x00000000c5000000| Untracked 
|  81|0x00000000c5100000, 0x00000000c5100000, 0x00000000c5200000|  0%| F|  |TAMS 0x00000000c5100000, 0x00000000c5100000| Untracked 
|  82|0x00000000c5200000, 0x00000000c5200000, 0x00000000c5300000|  0%| F|  |TAMS 0x00000000c5200000, 0x00000000c5200000| Untracked 
|  83|0x00000000c5300000, 0x00000000c5300000, 0x00000000c5400000|  0%| F|  |TAMS 0x00000000c5300000, 0x00000000c5300000| Untracked 
|  84|0x00000000c5400000, 0x00000000c5400000, 0x00000000c5500000|  0%| F|  |TAMS 0x00000000c5400000, 0x00000000c5400000| Untracked 
|  85|0x00000000c5500000, 0x00000000c5500000, 0x00000000c5600000|  0%| F|  |TAMS 0x00000000c5500000, 0x00000000c5500000| Untracked 
|  86|0x00000000c5600000, 0x00000000c5600000, 0x00000000c5700000|  0%| F|  |TAMS 0x00000000c5600000, 0x00000000c5600000| Untracked 
|  87|0x00000000c5700000, 0x00000000c5700000, 0x00000000c5800000|  0%| F|  |TAMS 0x00000000c5700000, 0x00000000c5700000| Untracked 
|  88|0x00000000c5800000, 0x00000000c5800000, 0x00000000c5900000|  0%| F|  |TAMS 0x00000000c5800000, 0x00000000c5800000| Untracked 
|  89|0x00000000c5900000, 0x00000000c5900000, 0x00000000c5a00000|  0%| F|  |TAMS 0x00000000c5900000, 0x00000000c5900000| Untracked 
|  90|0x00000000c5a00000, 0x00000000c5a00000, 0x00000000c5b00000|  0%| F|  |TAMS 0x00000000c5a00000, 0x00000000c5a00000| Untracked 
|  91|0x00000000c5b00000, 0x00000000c5b00000, 0x00000000c5c00000|  0%| F|  |TAMS 0x00000000c5b00000, 0x00000000c5b00000| Untracked 
|  92|0x00000000c5c00000, 0x00000000c5c00000, 0x00000000c5d00000|  0%| F|  |TAMS 0x00000000c5c00000, 0x00000000c5c00000| Untracked 
|  93|0x00000000c5d00000, 0x00000000c5d00000, 0x00000000c5e00000|  0%| F|  |TAMS 0x00000000c5d00000, 0x00000000c5d00000| Untracked 
|  94|0x00000000c5e00000, 0x00000000c5e00000, 0x00000000c5f00000|  0%| F|  |TAMS 0x00000000c5e00000, 0x00000000c5e00000| Untracked 
|  95|0x00000000c5f00000, 0x00000000c5f00000, 0x00000000c6000000|  0%| F|  |TAMS 0x00000000c5f00000, 0x00000000c5f00000| Untracked 
|  96|0x00000000c6000000, 0x00000000c6000000, 0x00000000c6100000|  0%| F|  |TAMS 0x00000000c6000000, 0x00000000c6000000| Untracked 
|  97|0x00000000c6100000, 0x00000000c6100000, 0x00000000c6200000|  0%| F|  |TAMS 0x00000000c6100000, 0x00000000c6100000| Untracked 
|  98|0x00000000c6200000, 0x00000000c6200000, 0x00000000c6300000|  0%| F|  |TAMS 0x00000000c6200000, 0x00000000c6200000| Untracked 
|  99|0x00000000c6300000, 0x00000000c6300000, 0x00000000c6400000|  0%| F|  |TAMS 0x00000000c6300000, 0x00000000c6300000| Untracked 
| 100|0x00000000c6400000, 0x00000000c6400000, 0x00000000c6500000|  0%| F|  |TAMS 0x00000000c6400000, 0x00000000c6400000| Untracked 
| 101|0x00000000c6500000, 0x00000000c6500000, 0x00000000c6600000|  0%| F|  |TAMS 0x00000000c6500000, 0x00000000c6500000| Untracked 
| 102|0x00000000c6600000, 0x00000000c6600000, 0x00000000c6700000|  0%| F|  |TAMS 0x00000000c6600000, 0x00000000c6600000| Untracked 
| 103|0x00000000c6700000, 0x00000000c6700000, 0x00000000c6800000|  0%| F|  |TAMS 0x00000000c6700000, 0x00000000c6700000| Untracked 
| 104|0x00000000c6800000, 0x00000000c6800000, 0x00000000c6900000|  0%| F|  |TAMS 0x00000000c6800000, 0x00000000c6800000| Untracked 
| 105|0x00000000c6900000, 0x00000000c6900000, 0x00000000c6a00000|  0%| F|  |TAMS 0x00000000c6900000, 0x00000000c6900000| Untracked 
| 106|0x00000000c6a00000, 0x00000000c6a00000, 0x00000000c6b00000|  0%| F|  |TAMS 0x00000000c6a00000, 0x00000000c6a00000| Untracked 
| 107|0x00000000c6b00000, 0x00000000c6c00000, 0x00000000c6c00000|100%| E|  |TAMS 0x00000000c6b00000, 0x00000000c6b00000| Complete 
| 108|0x00000000c6c00000, 0x00000000c6d00000, 0x00000000c6d00000|100%| E|CS|TAMS 0x00000000c6c00000, 0x00000000c6c00000| Complete 
| 109|0x00000000c6d00000, 0x00000000c6e00000, 0x00000000c6e00000|100%| E|CS|TAMS 0x00000000c6d00000, 0x00000000c6d00000| Complete 
| 110|0x00000000c6e00000, 0x00000000c6f00000, 0x00000000c6f00000|100%| E|CS|TAMS 0x00000000c6e00000, 0x00000000c6e00000| Complete 
| 111|0x00000000c6f00000, 0x00000000c7000000, 0x00000000c7000000|100%| E|CS|TAMS 0x00000000c6f00000, 0x00000000c6f00000| Complete 
| 112|0x00000000c7000000, 0x00000000c7100000, 0x00000000c7100000|100%| E|CS|TAMS 0x00000000c7000000, 0x00000000c7000000| Complete 
| 113|0x00000000c7100000, 0x00000000c7200000, 0x00000000c7200000|100%| E|CS|TAMS 0x00000000c7100000, 0x00000000c7100000| Complete 
| 114|0x00000000c7200000, 0x00000000c7300000, 0x00000000c7300000|100%| E|CS|TAMS 0x00000000c7200000, 0x00000000c7200000| Complete 
| 115|0x00000000c7300000, 0x00000000c7400000, 0x00000000c7400000|100%| E|CS|TAMS 0x00000000c7300000, 0x00000000c7300000| Complete 
| 116|0x00000000c7400000, 0x00000000c7500000, 0x00000000c7500000|100%| E|CS|TAMS 0x00000000c7400000, 0x00000000c7400000| Complete 
| 117|0x00000000c7500000, 0x00000000c7600000, 0x00000000c7600000|100%| E|CS|TAMS 0x00000000c7500000, 0x00000000c7500000| Complete 
| 118|0x00000000c7600000, 0x00000000c7700000, 0x00000000c7700000|100%| E|CS|TAMS 0x00000000c7600000, 0x00000000c7600000| Complete 
| 119|0x00000000c7700000, 0x00000000c7800000, 0x00000000c7800000|100%| E|CS|TAMS 0x00000000c7700000, 0x00000000c7700000| Complete 
| 120|0x00000000c7800000, 0x00000000c7900000, 0x00000000c7900000|100%| E|CS|TAMS 0x00000000c7800000, 0x00000000c7800000| Complete 
| 121|0x00000000c7900000, 0x00000000c79e6828, 0x00000000c7a00000| 90%| S|CS|TAMS 0x00000000c7900000, 0x00000000c7900000| Complete 
| 122|0x00000000c7a00000, 0x00000000c7b00000, 0x00000000c7b00000|100%| E|CS|TAMS 0x00000000c7a00000, 0x00000000c7a00000| Complete 
| 123|0x00000000c7b00000, 0x00000000c7c00000, 0x00000000c7c00000|100%| E|CS|TAMS 0x00000000c7b00000, 0x00000000c7b00000| Complete 
| 124|0x00000000c7c00000, 0x00000000c7d00000, 0x00000000c7d00000|100%| E|CS|TAMS 0x00000000c7c00000, 0x00000000c7c00000| Complete 
| 125|0x00000000c7d00000, 0x00000000c7e00000, 0x00000000c7e00000|100%| E|CS|TAMS 0x00000000c7d00000, 0x00000000c7d00000| Complete 
| 126|0x00000000c7e00000, 0x00000000c7f00000, 0x00000000c7f00000|100%| E|CS|TAMS 0x00000000c7e00000, 0x00000000c7e00000| Complete 
| 127|0x00000000c7f00000, 0x00000000c8000000, 0x00000000c8000000|100%| E|CS|TAMS 0x00000000c7f00000, 0x00000000c7f00000| Complete 

Card table byte_map: [0x000001cf77540000,0x000001cf77740000] _byte_map_base: 0x000001cf76f40000

Marking Bits (Prev, Next): (CMBitMap*) 0x000001cf7149cb00, (CMBitMap*) 0x000001cf7149cac8
 Prev Bits: [0x000001cf78940000, 0x000001cf79940000)
 Next Bits: [0x000001cf77940000, 0x000001cf78940000)

Polling page: 0x000001cf71550000

Metaspace:

Usage:
  Non-class:     19.22 MB capacity,    18.86 MB ( 98%) used,   305.53 KB (  2%) free+waste,    64.19 KB ( <1%) overhead. 
      Class:      2.41 MB capacity,     2.15 MB ( 89%) used,   230.73 KB (  9%) free+waste,    30.56 KB (  1%) overhead. 
       Both:     21.63 MB capacity,    21.01 MB ( 97%) used,   536.27 KB (  2%) free+waste,    94.75 KB ( <1%) overhead. 

Virtual space:
  Non-class space:       20.00 MB reserved,      19.42 MB ( 97%) committed 
      Class space:        1.00 GB reserved,       2.50 MB ( <1%) committed 
             Both:        1.02 GB reserved,      21.92 MB (  2%) committed 

Chunk freelists:
   Non-Class:  31.00 KB
       Class:  0 bytes
        Both:  31.00 KB

MaxMetaspaceSize: 17179869184.00 GB
CompressedClassSpaceSize: 1.00 GB
Initial GC threshold: 20.80 MB
Current GC threshold: 35.08 MB
CDS: off

CodeHeap 'non-profiled nmethods': size=120000Kb used=901Kb max_used=901Kb free=119098Kb
 bounds [0x000001cf07ad0000, 0x000001cf07d40000, 0x000001cf0f000000]
CodeHeap 'profiled nmethods': size=120000Kb used=5032Kb max_used=5032Kb free=114968Kb
 bounds [0x000001cf005a0000, 0x000001cf00a90000, 0x000001cf07ad0000]
CodeHeap 'non-nmethods': size=5760Kb used=1239Kb max_used=1259Kb free=4520Kb
 bounds [0x000001cf00000000, 0x000001cf00270000, 0x000001cf005a0000]
 total_blobs=2917 nmethods=2396 adapters=433
 compilation: enabled
              stopped_count=0, restarted_count=0
 full_count=0

Compilation events (20 events):
Event: 1632.037 Thread 0x000001cf7c40d000 nmethod 2388 0x000001cf00a86110 code [0x000001cf00a86300, 0x000001cf00a866e8]
Event: 1707.601 Thread 0x000001cf7c40d000 2389       3       java.io.ObjectInputStream$HandleTable::grow (85 bytes)
Event: 1707.605 Thread 0x000001cf7c40d000 nmethod 2389 0x000001cf00a86910 code [0x000001cf00a86b00, 0x000001cf00a87148]
Event: 1859.452 Thread 0x000001cf7c40d000 2391       3       jdk.internal.misc.Unsafe::getAndAddLong (27 bytes)
Event: 1859.457 Thread 0x000001cf7c40d000 nmethod 2391 0x000001cf00a87310 code [0x000001cf00a874c0, 0x000001cf00a87718]
Event: 1859.457 Thread 0x000001cf7c40d000 2392       3       jdk.internal.misc.Unsafe::weakCompareAndSetLong (11 bytes)
Event: 1859.457 Thread 0x000001cf7c40d000 nmethod 2392 0x000001cf00a87810 code [0x000001cf00a879c0, 0x000001cf00a87ad8]
Event: 1877.466 Thread 0x000001cf7c40d000 2393   !   3       java.util.Collections$SynchronizedMap::put (28 bytes)
Event: 1877.470 Thread 0x000001cf7c40d000 nmethod 2393 0x000001cf00a87b90 code [0x000001cf00a87d60, 0x000001cf00a880a8]
Event: 1904.500 Thread 0x000001cf7c40d000 2394       3       java.util.concurrent.atomic.AtomicLong::getAndIncrement (12 bytes)
Event: 1904.502 Thread 0x000001cf7c40d000 nmethod 2394 0x000001cf00a88210 code [0x000001cf00a883c0, 0x000001cf00a884d8]
Event: 1913.515 Thread 0x000001cf7c40d000 2395       3       java.util.concurrent.ScheduledThreadPoolExecutor::triggerTime (22 bytes)
Event: 1913.516 Thread 0x000001cf7c40d000 nmethod 2395 0x000001cf00a88590 code [0x000001cf00a88760, 0x000001cf00a88928]
Event: 1913.517 Thread 0x000001cf7c40d000 2396       3       java.util.concurrent.ScheduledThreadPoolExecutor$DelayedWorkQueue::add (9 bytes)
Event: 1913.519 Thread 0x000001cf7c40d000 nmethod 2396 0x000001cf00a88a10 code [0x000001cf00a88be0, 0x000001cf00a88ea8]
Event: 1922.529 Thread 0x000001cf7c40d000 2397       3       java.util.concurrent.ScheduledThreadPoolExecutor$DelayedWorkQueue::siftUp (64 bytes)
Event: 1922.537 Thread 0x000001cf7c40d000 nmethod 2397 0x000001cf00a88f90 code [0x000001cf00a891c0, 0x000001cf00a89ce8]
Event: 1934.223 Thread 0x000001cf7c406800 2398       4       java.util.Arrays::hashCode (56 bytes)
Event: 1934.254 Thread 0x000001cf7c406800 nmethod 2398 0x000001cf07bb1090 code [0x000001cf07bb1240, 0x000001cf07bb1518]
Event: 1949.834 Thread 0x000001cf7c406800 2399   !   4       java.io.ObjectInputStream$BlockDataInputStream::readUTFSpan (502 bytes)

GC Heap History (6 events):
Event: 1.870 GC heap before
{Heap before GC invocations=0 (full 0):
 garbage-first heap   total 131072K, used 23552K [0x00000000c0000000, 0x0000000100000000)
  region size 1024K, 24 young (24576K), 0 survivors (0K)
 Metaspace       used 15840K, capacity 16395K, committed 16512K, reserved 1064960K
  class space    used 1664K, capacity 1913K, committed 1920K, reserved 1048576K
}
Event: 1.882 GC heap after
{Heap after GC invocations=1 (full 0):
 garbage-first heap   total 131072K, used 5625K [0x00000000c0000000, 0x0000000100000000)
  region size 1024K, 3 young (3072K), 3 survivors (3072K)
 Metaspace       used 15840K, capacity 16395K, committed 16512K, reserved 1064960K
  class space    used 1664K, capacity 1913K, committed 1920K, reserved 1048576K
}
Event: 2.110 GC heap before
{Heap before GC invocations=1 (full 0):
 garbage-first heap   total 131072K, used 8697K [0x00000000c0000000, 0x0000000100000000)
  region size 1024K, 6 young (6144K), 3 survivors (3072K)
 Metaspace       used 18618K, capacity 19160K, committed 19456K, reserved 1067008K
  class space    used 1992K, capacity 2215K, committed 2304K, reserved 1048576K
}
Event: 2.114 GC heap after
{Heap after GC invocations=2 (full 0):
 garbage-first heap   total 131072K, used 6521K [0x00000000c0000000, 0x0000000100000000)
  region size 1024K, 1 young (1024K), 1 survivors (1024K)
 Metaspace       used 18618K, capacity 19160K, committed 19456K, reserved 1067008K
  class space    used 1992K, capacity 2215K, committed 2304K, reserved 1048576K
}
Event: 2.522 GC heap before
{Heap before GC invocations=2 (full 0):
 garbage-first heap   total 131072K, used 10617K [0x00000000c0000000, 0x0000000100000000)
  region size 1024K, 6 young (6144K), 1 survivors (1024K)
 Metaspace       used 20575K, capacity 21177K, committed 21296K, reserved 1069056K
  class space    used 2170K, capacity 2415K, committed 2432K, reserved 1048576K
}
Event: 2.525 GC heap after
{Heap after GC invocations=3 (full 0):
 garbage-first heap   total 131072K, used 6988K [0x00000000c0000000, 0x0000000100000000)
  region size 1024K, 1 young (1024K), 1 survivors (1024K)
 Metaspace       used 20575K, capacity 21177K, committed 21296K, reserved 1069056K
  class space    used 2170K, capacity 2415K, committed 2432K, reserved 1048576K
}

Deoptimization events (20 events):
Event: 2.868 Thread 0x000001cf7d62b800 DEOPT PACKING pc=0x000001cf00860c50 sp=0x00000051cbffa1d0
Event: 2.868 Thread 0x000001cf7d62b800 DEOPT UNPACKING pc=0x000001cf0004a95e sp=0x00000051cbff9658 mode 0
Event: 2.897 Thread 0x000001cf7d62b800 DEOPT PACKING pc=0x000001cf0084138e sp=0x00000051cbff9cf0
Event: 2.897 Thread 0x000001cf7d62b800 DEOPT UNPACKING pc=0x000001cf0004a95e sp=0x00000051cbff9120 mode 0
Event: 5.289 Thread 0x000001cf7cf61800 Uncommon trap: trap_request=0xffffff4d fr.pc=0x000001cf07b41988 relative=0x00000000000008a8
Event: 5.289 Thread 0x000001cf7cf61800 Uncommon trap: reason=unstable_if action=reinterpret pc=0x000001cf07b41988 method=java.util.zip.ZipFile$Source.getEntryPos([BZ)I @ 145 c2
Event: 5.289 Thread 0x000001cf7cf61800 DEOPT PACKING pc=0x000001cf07b41988 sp=0x00000051cb7ff0c0
Event: 5.289 Thread 0x000001cf7cf61800 DEOPT UNPACKING pc=0x000001cf0004a1af sp=0x00000051cb7ff068 mode 2
Event: 1400.374 Thread 0x000001cf7d62b800 Uncommon trap: trap_request=0xffffff4d fr.pc=0x000001cf07b4f7c8 relative=0x00000000000000a8
Event: 1400.375 Thread 0x000001cf7d62b800 Uncommon trap: reason=unstable_if action=reinterpret pc=0x000001cf07b4f7c8 method=java.lang.CharacterDataLatin1.digit(II)I @ 12 c2
Event: 1400.375 Thread 0x000001cf7d62b800 DEOPT PACKING pc=0x000001cf07b4f7c8 sp=0x00000051cbffabd0
Event: 1400.377 Thread 0x000001cf7d62b800 DEOPT UNPACKING pc=0x000001cf0004a1af sp=0x00000051cbffaa88 mode 2
Event: 1420.548 Thread 0x000001cf7d62b800 Uncommon trap: trap_request=0xffffff4d fr.pc=0x000001cf07b4f444 relative=0x00000000000000a4
Event: 1420.548 Thread 0x000001cf7d62b800 Uncommon trap: reason=unstable_if action=reinterpret pc=0x000001cf07b4f444 method=java.lang.CharacterDataLatin1.digit(II)I @ 12 c2
Event: 1420.548 Thread 0x000001cf7d62b800 DEOPT PACKING pc=0x000001cf07b4f444 sp=0x00000051cbffaae0
Event: 1420.549 Thread 0x000001cf7d62b800 DEOPT UNPACKING pc=0x000001cf0004a1af sp=0x00000051cbffaa58 mode 2
Event: 1420.746 Thread 0x000001cf7d62b800 Uncommon trap: trap_request=0xffffff4d fr.pc=0x000001cf07b9a420 relative=0x0000000000000860
Event: 1420.746 Thread 0x000001cf7d62b800 Uncommon trap: reason=unstable_if action=reinterpret pc=0x000001cf07b9a420 method=java.io.ObjectInputStream$BlockDataInputStream.readUTFSpan(Ljava/lang/StringBuilder;J)J @ 88 c2
Event: 1420.746 Thread 0x000001cf7d62b800 DEOPT PACKING pc=0x000001cf07b9a420 sp=0x00000051cbffb5c0
Event: 1420.746 Thread 0x000001cf7d62b800 DEOPT UNPACKING pc=0x000001cf0004a1af sp=0x00000051cbffb568 mode 2

Classes redefined (0 events):
No events

Internal exceptions (20 events):
Event: 0.847 Thread 0x000001cf7146e000 Exception <a 'java/lang/NoSuchMethodError'{0x00000000c764b798}: 'java.lang.Object java.lang.invoke.DirectMethodHandle$Holder.invokeStatic(java.lang.Object, java.lang.Object, java.lang.Object, java.lang.Object, java.lang.Object, java.lang.Object, java.lang.Object, java.lang.Object, int, int)'> (0x00000000c764b798) thrown at [src/hotspot/share/interpreter/linkResolver.cpp, line 773]
Event: 0.850 Thread 0x000001cf7146e000 Exception <a 'java/lang/NoSuchMethodError'{0x00000000c7666cf0}: 'java.lang.Object java.lang.invoke.DirectMethodHandle$Holder.invokeStatic(java.lang.Object, java.lang.Object, java.lang.Object, java.lang.Object, java.lang.Object, java.lang.Object, java.lang.Object, java.lang.Object, int, int, java.lang.Object)'> (0x00000000c7666cf0) thrown at [src/hotspot/share/interpreter/linkResolver.cpp, line 773]
Event: 0.854 Thread 0x000001cf7146e000 Exception <a 'java/lang/NoSuchMethodError'{0x00000000c76837f0}: 'java.lang.Object java.lang.invoke.DirectMethodHandle$Holder.invokeStatic(java.lang.Object, java.lang.Object, java.lang.Object, java.lang.Object, java.lang.Object, java.lang.Object, java.lang.Object, java.lang.Object, int, int, java.lang.Object, java.lang.Object)'> (0x00000000c76837f0) thrown at [src/hotspot/share/interpreter/linkResolver.cpp, line 773]
Event: 0.873 Thread 0x000001cf7146e000 Exception <a 'java/lang/NoSuchMethodError'{0x00000000c75080c8}: 'java.lang.Object java.lang.invoke.DirectMethodHandle$Holder.invokeStatic(java.lang.Object, java.lang.Object, java.lang.Object, java.lang.Object, int)'> (0x00000000c75080c8) thrown at [src/hotspot/share/interpreter/linkResolver.cpp, line 773]
Event: 0.896 Thread 0x000001cf7146e000 Exception <a 'java/lang/NoSuchMethodError'{0x00000000c75cbe40}: 'java.lang.Object java.lang.invoke.DelegatingMethodHandle$Holder.reinvoke_L(java.lang.Object, java.lang.Object, long)'> (0x00000000c75cbe40) thrown at [src/hotspot/share/interpreter/linkResolver.cpp, line 773]
Event: 0.896 Thread 0x000001cf7146e000 Exception <a 'java/lang/NoSuchMethodError'{0x00000000c75cf030}: 'java.lang.Object java.lang.invoke.Invokers$Holder.linkToTargetMethod(java.lang.Object, long, java.lang.Object)'> (0x00000000c75cf030) thrown at [src/hotspot/share/interpreter/linkResolver.cpp, line 773]
Event: 0.918 Thread 0x000001cf7d7b9000 Exception <a 'java/lang/NoSuchMethodError'{0x00000000c7449580}: 'java.lang.Object java.lang.invoke.DelegatingMethodHandle$Holder.reinvoke_L(java.lang.Object, int, java.lang.Object)'> (0x00000000c7449580) thrown at [src/hotspot/share/interpreter/linkResolver.cpp, line 773]
Event: 1.009 Thread 0x000001cf7d62b800 Exception <a 'java/lang/NoSuchMethodError'{0x00000000c7327568}: <clinit>> (0x00000000c7327568) thrown at [src/hotspot/share/prims/jni.cpp, line 1367]
Event: 1.380 Thread 0x000001cf7d62b800 Exception <a 'java/lang/NoSuchMethodError'{0x00000000c71670b8}: 'int java.lang.invoke.DirectMethodHandle$Holder.invokeSpecialIFC(java.lang.Object, java.lang.Object, int)'> (0x00000000c71670b8) thrown at [src/hotspot/share/interpreter/linkResolver.cpp, line 773]
Event: 1.439 Thread 0x000001cf7d62b800 Exception <a 'java/lang/NoSuchMethodError'{0x00000000c7062128}: 'java.lang.Object java.lang.invoke.DirectMethodHandle$Holder.invokeVirtual(java.lang.Object, java.lang.Object, java.lang.Object)'> (0x00000000c7062128) thrown at [src/hotspot/share/interpreter/linkResolver.cpp, line 773]
Event: 1.619 Thread 0x000001cf7d62b800 Exception <a 'java/lang/NoSuchMethodError'{0x00000000c6cc6988}: 'void java.lang.invoke.DirectMethodHandle$Holder.invokeStaticInit(java.lang.Object, java.lang.Object)'> (0x00000000c6cc6988) thrown at [src/hotspot/share/interpreter/linkResolver.cpp, line 773]
Event: 1.753 Thread 0x000001cf7d62b800 Exception <a 'sun/nio/fs/WindowsException'{0x00000000c6857eb0}> (0x00000000c6857eb0) thrown at [src/hotspot/share/prims/jni.cpp, line 617]
Event: 1.775 Thread 0x000001cf7d62b800 Exception <a 'java/lang/NoSuchMethodError'{0x00000000c6879480}: 'int java.lang.invoke.DirectMethodHandle$Holder.invokeStaticInit(java.lang.Object, java.lang.Object, java.lang.Object, java.lang.Object)'> (0x00000000c6879480) thrown at [src/hotspot/share/interpreter/linkResolver.cpp, line 773]
Event: 1.777 Thread 0x000001cf7d62b800 Exception <a 'java/lang/IncompatibleClassChangeError'{0x00000000c6882908}: Found class java.lang.Object, but interface was expected> (0x00000000c6882908) thrown at [src/hotspot/share/interpreter/linkResolver.cpp, line 839]
Event: 1.781 Thread 0x000001cf7d62b800 Exception <a 'java/lang/NoSuchMethodError'{0x00000000c6887ea8}: 'int java.lang.invoke.DirectMethodHandle$Holder.invokeStaticInit(java.lang.Object, java.lang.Object)'> (0x00000000c6887ea8) thrown at [src/hotspot/share/interpreter/linkResolver.cpp, line 773]
Event: 2.645 Thread 0x000001cf7d62b800 Implicit null exception at 0x000001cf07b01af7 to 0x000001cf07b02008
Event: 2.645 Thread 0x000001cf7d62b800 Implicit null exception at 0x000001cf07b12c74 to 0x000001cf07b1315c
Event: 3.026 Thread 0x000001cf7d62b800 Exception <a 'java/lang/NoSuchMethodError'{0x00000000c7c45ff8}: <clinit>> (0x00000000c7c45ff8) thrown at [src/hotspot/share/prims/jni.cpp, line 1367]
Event: 1420.810 Thread 0x000001cf7d62b800 Exception <a 'java/lang/NoSuchMethodError'{0x00000000c6ff46f8}: <clinit>> (0x00000000c6ff46f8) thrown at [src/hotspot/share/prims/jni.cpp, line 1367]
Event: 1423.942 Thread 0x000001cf7d62b800 Exception <a 'java/net/SocketException'{0x00000000c6e2cbc0}: Software caused connection abort: socket write error> (0x00000000c6e2cbc0) thrown at [src/hotspot/share/prims/jni.cpp, line 638]

Events (20 events):
Event: 1421.221 Thread 0x000001cf7d67e000 Thread exited: 0x000001cf7d67e000
Event: 1421.221 Thread 0x000001cf7d67b800 Thread exited: 0x000001cf7d67b800
Event: 1421.221 Executing VM operation: RevokeBias
Event: 1421.221 Thread 0x000001cf7d67d000 Thread exited: 0x000001cf7d67d000
Event: 1421.221 Executing VM operation: RevokeBias done
Event: 1421.221 Executing VM operation: BulkRevokeBias
Event: 1421.222 Executing VM operation: BulkRevokeBias done
Event: 1421.222 Thread 0x000001cf7d67c000 Thread exited: 0x000001cf7d67c000
Event: 1421.222 Executing VM operation: RevokeBias
Event: 1421.222 Executing VM operation: RevokeBias done
Event: 1421.222 Executing VM operation: RevokeBias
Event: 1421.222 Executing VM operation: RevokeBias done
Event: 1421.223 Thread 0x000001cf7d679000 Thread exited: 0x000001cf7d679000
Event: 1426.839 loading class sun/net/ResourceManager
Event: 1426.840 loading class sun/net/ResourceManager done
Event: 1428.449 Thread 0x000001cf7d67e000 Thread added: 0x000001cf7d67e000
Event: 1428.449 Executing VM operation: RevokeBias
Event: 1428.449 Executing VM operation: RevokeBias done
Event: 1428.450 Thread 0x000001cf7d67e000 Thread exited: 0x000001cf7d67e000
Event: 1486.852 Thread 0x000001cf7d677800 Thread exited: 0x000001cf7d677800


Dynamic libraries:
0x00007ff64f200000 - 0x00007ff64f20a000 	C:\Program Files\JetBrains\IntelliJ IDEA 2022.1.4\jbr\bin\java.exe
0x00007ff93be70000 - 0x00007ff93c068000 	C:\WINDOWS\SYSTEM32\ntdll.dll
0x00007ff93a300000 - 0x00007ff93a3bf000 	C:\WINDOWS\System32\KERNEL32.DLL
0x00007ff939810000 - 0x00007ff939aea000 	C:\WINDOWS\System32\KERNELBASE.dll
0x00007ff939dd0000 - 0x00007ff939ed0000 	C:\WINDOWS\System32\ucrtbase.dll
0x00007ff9328e0000 - 0x00007ff9328f9000 	C:\Program Files\JetBrains\IntelliJ IDEA 2022.1.4\jbr\bin\jli.dll
0x00007ff93b5c0000 - 0x00007ff93b75d000 	C:\WINDOWS\System32\USER32.dll
0x00007ff935040000 - 0x00007ff935056000 	C:\Program Files\JetBrains\IntelliJ IDEA 2022.1.4\jbr\bin\VCRUNTIME140.dll
0x00007ff939b80000 - 0x00007ff939ba2000 	C:\WINDOWS\System32\win32u.dll
0x00007ff91b2e0000 - 0x00007ff91b57a000 	C:\WINDOWS\WinSxS\amd64_microsoft.windows.common-controls_6595b64144ccf1df_6.0.19041.1110_none_60b5254171f9507e\COMCTL32.dll
0x00007ff93a480000 - 0x00007ff93a4ab000 	C:\WINDOWS\System32\GDI32.dll
0x00007ff93ab70000 - 0x00007ff93ac0e000 	C:\WINDOWS\System32\msvcrt.dll
0x00007ff939c20000 - 0x00007ff939d30000 	C:\WINDOWS\System32\gdi32full.dll
0x00007ff939d30000 - 0x00007ff939dcd000 	C:\WINDOWS\System32\msvcp_win.dll
0x00007ff93a3c0000 - 0x00007ff93a3f0000 	C:\WINDOWS\System32\IMM32.DLL
0x00007ff91b9a0000 - 0x00007ff91ba4a000 	C:\Program Files\JetBrains\IntelliJ IDEA 2022.1.4\jbr\bin\msvcp140.dll
0x00007ff90e070000 - 0x00007ff90ebeb000 	C:\Program Files\JetBrains\IntelliJ IDEA 2022.1.4\jbr\bin\server\jvm.dll
0x00007ff939ed0000 - 0x00007ff939f7e000 	C:\WINDOWS\System32\ADVAPI32.dll
0x00007ff93a0b0000 - 0x00007ff93a14c000 	C:\WINDOWS\System32\sechost.dll
0x00007ff93bd00000 - 0x00007ff93be26000 	C:\WINDOWS\System32\RPCRT4.dll
0x00007ff93a9b0000 - 0x00007ff93a9b8000 	C:\WINDOWS\System32\PSAPI.DLL
0x00007ff935210000 - 0x00007ff935219000 	C:\WINDOWS\SYSTEM32\WSOCK32.dll
0x00007ff918830000 - 0x00007ff918857000 	C:\WINDOWS\SYSTEM32\WINMM.dll
0x00007ff92bff0000 - 0x00007ff92bffa000 	C:\WINDOWS\SYSTEM32\VERSION.dll
0x00007ff93a9c0000 - 0x00007ff93aa2b000 	C:\WINDOWS\System32\WS2_32.dll
0x00007ff937420000 - 0x00007ff937432000 	C:\WINDOWS\SYSTEM32\kernel.appcore.dll
0x00007ff934fb0000 - 0x00007ff934fc1000 	C:\Program Files\JetBrains\IntelliJ IDEA 2022.1.4\jbr\bin\verify.dll
0x00007ff926590000 - 0x00007ff926774000 	C:\WINDOWS\SYSTEM32\DBGHELP.DLL
0x00007ff91f7a0000 - 0x00007ff91f7d4000 	C:\WINDOWS\SYSTEM32\dbgcore.DLL
0x00007ff939af0000 - 0x00007ff939b72000 	C:\WINDOWS\System32\bcryptPrimitives.dll
0x00007ff934f80000 - 0x00007ff934fa9000 	C:\Program Files\JetBrains\IntelliJ IDEA 2022.1.4\jbr\bin\java.dll
0x00007ff935200000 - 0x00007ff93520b000 	C:\Program Files\JetBrains\IntelliJ IDEA 2022.1.4\jbr\bin\jimage.dll
0x00007ff930330000 - 0x00007ff930349000 	C:\Program Files\JetBrains\IntelliJ IDEA 2022.1.4\jbr\bin\zip.dll
0x00007ff93ae60000 - 0x00007ff93b5a4000 	C:\WINDOWS\System32\SHELL32.dll
0x00007ff937640000 - 0x00007ff937dd3000 	C:\WINDOWS\SYSTEM32\windows.storage.dll
0x00007ff93b760000 - 0x00007ff93bab4000 	C:\WINDOWS\System32\combase.dll
0x00007ff938f90000 - 0x00007ff938fbe000 	C:\WINDOWS\SYSTEM32\Wldp.dll
0x00007ff93bba0000 - 0x00007ff93bc4d000 	C:\WINDOWS\System32\SHCORE.dll
0x00007ff93ace0000 - 0x00007ff93ad35000 	C:\WINDOWS\System32\shlwapi.dll
0x00007ff9394c0000 - 0x00007ff9394df000 	C:\WINDOWS\SYSTEM32\profapi.dll
0x00007ff930310000 - 0x00007ff93032a000 	C:\Program Files\JetBrains\IntelliJ IDEA 2022.1.4\jbr\bin\net.dll
0x00007ff931b80000 - 0x00007ff931c8a000 	C:\WINDOWS\SYSTEM32\WINHTTP.dll
0x00007ff938cd0000 - 0x00007ff938d3a000 	C:\WINDOWS\system32\mswsock.dll
0x00007ff930090000 - 0x00007ff9300a4000 	C:\Program Files\JetBrains\IntelliJ IDEA 2022.1.4\jbr\bin\nio.dll
0x00007ff938ec0000 - 0x00007ff938ed8000 	C:\WINDOWS\SYSTEM32\CRYPTSP.dll
0x00007ff938580000 - 0x00007ff9385b4000 	C:\WINDOWS\system32\rsaenh.dll
0x00007ff939580000 - 0x00007ff9395a7000 	C:\WINDOWS\System32\bcrypt.dll
0x00007ff939480000 - 0x00007ff9394ae000 	C:\WINDOWS\SYSTEM32\USERENV.dll
0x00007ff938ee0000 - 0x00007ff938eec000 	C:\WINDOWS\SYSTEM32\CRYPTBASE.dll
0x00007ff9389c0000 - 0x00007ff9389fc000 	C:\WINDOWS\SYSTEM32\IPHLPAPI.DLL
0x00007ff93a940000 - 0x00007ff93a948000 	C:\WINDOWS\System32\NSI.dll
0x00007ff92e0d0000 - 0x00007ff92e0e7000 	C:\WINDOWS\SYSTEM32\dhcpcsvc6.DLL
0x00007ff92fb80000 - 0x00007ff92fb9d000 	C:\WINDOWS\SYSTEM32\dhcpcsvc.DLL
0x00007ff938a00000 - 0x00007ff938acb000 	C:\WINDOWS\SYSTEM32\DNSAPI.dll
0x00007ff91cfc0000 - 0x00007ff91cfc8000 	C:\Program Files\JetBrains\IntelliJ IDEA 2022.1.4\jbr\bin\rmi.dll
0x00007ff92c150000 - 0x00007ff92c15a000 	C:\Windows\System32\rasadhlp.dll
0x00007ff927900000 - 0x00007ff927980000 	C:\WINDOWS\System32\fwpuclnt.dll
0x00007ff933cb0000 - 0x00007ff933cbf000 	C:\Program Files\JetBrains\IntelliJ IDEA 2022.1.4\jbr\bin\sunmscapi.dll
0x00007ff9396b0000 - 0x00007ff939806000 	C:\WINDOWS\System32\CRYPT32.dll
0x00007ff939050000 - 0x00007ff939078000 	C:\WINDOWS\SYSTEM32\ncrypt.dll
0x00007ff939010000 - 0x00007ff93904b000 	C:\WINDOWS\SYSTEM32\NTASN1.dll
0x00007ff92ff00000 - 0x00007ff92ff28000 	C:\Program Files\JetBrains\IntelliJ IDEA 2022.1.4\jbr\bin\sunec.dll

dbghelp: loaded successfully - version: 4.0.5 - missing functions: none
symbol engine: initialized successfully - sym options: 0x614 - pdb path: .;C:\Program Files\JetBrains\IntelliJ IDEA 2022.1.4\jbr\bin;C:\WINDOWS\SYSTEM32;C:\WINDOWS\WinSxS\amd64_microsoft.windows.common-controls_6595b64144ccf1df_6.0.19041.1110_none_60b5254171f9507e;C:\Program Files\JetBrains\IntelliJ IDEA 2022.1.4\jbr\bin\server

VM Arguments:
jvm_args: -Djava.rmi.server.hostname=127.0.0.1 -Duser.timezone=UTC -Xmx1024m -Xms128m -Dfile.encoding=UTF-8 
java_command: com.intellij.database.remote.RemoteJdbcServer com.mysql.cj.jdbc.Driver
java_class_path (initial): C:\Program Files\JetBrains\IntelliJ IDEA 2022.1.4\lib\util_rt.jar;C:\Program Files\JetBrains\IntelliJ IDEA 2022.1.4\lib\util.jar;C:\Program Files\JetBrains\IntelliJ IDEA 2022.1.4\lib\groovy.jar;C:\Program Files\JetBrains\IntelliJ IDEA 2022.1.4\plugins\DatabaseTools\lib\jdbc-console.jar;C:\Users\Salam\AppData\Roaming\JetBrains\IntelliJIdea2022.1\jdbc-drivers\MySQL ConnectorJ\8.0.25\mysql-connector-java-8.0.25.jar
Launcher Type: SUN_STANDARD

[Global flags]
     intx CICompilerCount                          = 4                                         {product} {ergonomic}
     uint ConcGCThreads                            = 2                                         {product} {ergonomic}
     uint G1ConcRefinementThreads                  = 8                                         {product} {ergonomic}
   size_t G1HeapRegionSize                         = 1048576                                   {product} {ergonomic}
    uintx GCDrainStackTargetSize                   = 64                                        {product} {ergonomic}
   size_t InitialHeapSize                          = 134217728                                 {product} {command line}
   size_t MarkStackSize                            = 4194304                                   {product} {ergonomic}
   size_t MaxHeapSize                              = 1073741824                                {product} {command line}
   size_t MaxNewSize                               = 643825664                                 {product} {ergonomic}
   size_t MinHeapDeltaBytes                        = 1048576                                   {product} {ergonomic}
    uintx NonNMethodCodeHeapSize                   = 5836300                                {pd product} {ergonomic}
    uintx NonProfiledCodeHeapSize                  = 122910970                              {pd product} {ergonomic}
    uintx ProfiledCodeHeapSize                     = 122910970                              {pd product} {ergonomic}
    uintx ReservedCodeCacheSize                    = 251658240                              {pd product} {ergonomic}
     bool SegmentedCodeCache                       = true                                      {product} {ergonomic}
     bool UseCompressedClassPointers               = true                                 {lp64_product} {ergonomic}
     bool UseCompressedOops                        = true                                 {lp64_product} {ergonomic}
     bool UseG1GC                                  = true                                      {product} {ergonomic}
     bool UseLargePagesIndividualAllocation        = false                                  {pd product} {ergonomic}

Logging:
Log output configuration:
 #0: stdout all=warning uptime,level,tags
 #1: stderr all=off uptime,level,tags

Environment Variables:
JAVA_HOME=C:\Program Files\Java\jdk-17
CLASSPATH=.;C:\Program Files\Java\jdk-17\lib\dt.jar;C:\Program Files\Java\jdk-17\lib\tools.jar
PATH=C:\Program Files\Common Files\Oracle\Java\javapath;C:\Program Files\Python38\Scripts\;C:\Program Files\Python38\;C:\WINDOWS\system32;C:\WINDOWS;C:\WINDOWS\System32\Wbem;C:\WINDOWS\System32\WindowsPowerShell\v1.0\;C:\WINDOWS\System32\OpenSSH\;C:\Program Files\Java\jdk-17\bin;"C:\Program Files\Java\jdk-17\bin;%PATH%";C:\Program Files\Git\cmd;C:\Program Files\nodejs;C:\Program Files\Java\jdk-17\bin;C:\Program Files\Maven\apache-maven-3.9.2-bin\apache-maven-3.9.2\bin;C:\Program Files\nodejs\;C:\Program Files\MySQL\MySQL Shell 8.0\bin\;C:\Users\Salam\AppData\Local\Microsoft\WindowsApps;C:\Program Files\Java\jdk-17\bin;C:\Program Files\MySQL\MySQL Server 8.0\bin;C:\Users\Salam\AppData\Roaming\npm
USERNAME=Salam
OS=Windows_NT
PROCESSOR_IDENTIFIER=Intel64 Family 6 Model 142 Stepping 10, GenuineIntel



---------------  S Y S T E M  ---------------

OS: Windows 10 , 64 bit Build 19041 (10.0.19041.2788)
OS uptime: 3 days 0:18 hours

CPU:total 8 (initial active 8) (4 cores per cpu, 2 threads per core) family 6 model 142 stepping 10 microcode 0xf0, cmov, cx8, fxsr, mmx, sse, sse2, sse3, ssse3, sse4.1, sse4.2, popcnt, avx, avx2, aes, clmul, erms, 3dnowpref, lzcnt, ht, tsc, tscinvbit, bmi1, bmi2, adx, fma

Memory: 4k page, system-wide physical 8108M (730M free)
TotalPageFile size 23220M (AvailPageFile size 183M)
current process WorkingSet (physical memory assigned to process): 17M, peak: 113M
current process commit charge ("private bytes"): 231M, peak: 241M

vm_info: OpenJDK 64-Bit Server VM (11.0.15+10-b2043.56) for windows-amd64 JRE (11.0.15+10-b2043.56), built on May 16 2022 02:28:12 by "" with MS VC++ 14.0 (VS2015)

END.
