2023-06-07 15:55:49.015 INFO  com.luckusyusei.wiki.config.WikiApplication       :55  
            [32m                  [0;39m Starting WikiApplication using Java 17.0.7 on DESKTOP-26OCGPN with PID 1220 (C:\Users\Salam\Desktop\java code\IDE Project\wiki\target\classes started by Salam in C:\Users\Salam\Desktop\java code\IDE Project\wiki)
2023-06-07 15:55:49.021 INFO  com.luckusyusei.wiki.config.WikiApplication       :664 
            [32m                  [0;39m No active profile set, falling back to default profiles: default
2023-06-07 15:55:49.149 INFO  o.s.b.d.env.DevToolsPropertyDefaultsPostProcessor :255 
            [32m                  [0;39m Devtools property defaults active! Set 'spring.devtools.add-properties' to 'false' to disable
2023-06-07 15:55:49.150 INFO  o.s.b.d.env.DevToolsPropertyDefaultsPostProcessor :255 
            [32m                  [0;39m For additional web related logging consider setting the 'logging.level.web' property to 'DEBUG'
2023-06-07 15:55:50.735 INFO  o.s.boot.web.embedded.tomcat.TomcatWebServer      :108 
            [32m                  [0;39m Tomcat initialized with port(s): 8880 (http)
2023-06-07 15:55:50.749 INFO  org.apache.coyote.http11.Http11NioProtocol        :173 
            [32m                  [0;39m Initializing ProtocolHandler ["http-nio-8880"]
2023-06-07 15:55:50.750 INFO  org.apache.catalina.core.StandardService          :173 
            [32m                  [0;39m Starting service [Tomcat]
2023-06-07 15:55:50.750 INFO  org.apache.catalina.core.StandardEngine           :173 
            [32m                  [0;39m Starting Servlet engine: [Apache Tomcat/9.0.55]
2023-06-07 15:55:50.848 INFO  o.a.c.core.ContainerBase.[Tomcat].[localhost].[/] :173 
            [32m                  [0;39m Initializing Spring embedded WebApplicationContext
2023-06-07 15:55:50.849 INFO  o.s.b.w.s.c.ServletWebServerApplicationContext    :289 
            [32m                  [0;39m Root WebApplicationContext: initialization completed in 1696 ms
2023-06-07 15:55:51.315 INFO  o.s.b.d.autoconfigure.OptionalLiveReloadServer    :58  
            [32m                  [0;39m LiveReload server is running on port 35729
2023-06-07 15:55:51.333 INFO  org.apache.coyote.http11.Http11NioProtocol        :173 
            [32m                  [0;39m Starting ProtocolHandler ["http-nio-8880"]
2023-06-07 15:55:51.392 INFO  o.s.boot.web.embedded.tomcat.TomcatWebServer      :220 
            [32m                  [0;39m Tomcat started on port(s): 8880 (http) with context path ''
2023-06-07 15:55:51.406 INFO  com.luckusyusei.wiki.config.WikiApplication       :61  
            [32m                  [0;39m Started WikiApplication in 3.372 seconds (JVM running for 4.521)
2023-06-07 15:55:51.415 INFO  com.luckusyusei.wiki.config.WikiApplication       :17  
            [32m                  [0;39m Start
2023-06-07 15:55:51.416 INFO  com.luckusyusei.wiki.config.WikiApplication       :18  
            [32m                  [0;39m http://127.0.0.1:8880
2023-06-07 18:41:07.831 INFO  com.luckusyusei.wiki.config.WikiApplication       :55  
            [32m                  [0;39m Starting WikiApplication using Java 17.0.7 on DESKTOP-26OCGPN with PID 3092 (C:\Users\Salam\Desktop\java code\IDE Project\wiki\target\classes started by Salam in C:\Users\Salam\Desktop\java code\IDE Project\wiki)
2023-06-07 18:41:07.839 INFO  com.luckusyusei.wiki.config.WikiApplication       :664 
            [32m                  [0;39m No active profile set, falling back to default profiles: default
2023-06-07 18:41:08.081 INFO  o.s.b.d.env.DevToolsPropertyDefaultsPostProcessor :255 
            [32m                  [0;39m Devtools property defaults active! Set 'spring.devtools.add-properties' to 'false' to disable
2023-06-07 18:41:08.083 INFO  o.s.b.d.env.DevToolsPropertyDefaultsPostProcessor :255 
            [32m                  [0;39m For additional web related logging consider setting the 'logging.level.web' property to 'DEBUG'
2023-06-07 18:41:10.257 WARN  org.mybatis.spring.mapper.ClassPathMapperScanner  :44  
            [32m                  [0;39m No MyBatis mapper was found in '[com.luckusyusei.wiki.config]' package. Please check your configuration.
2023-06-07 18:41:11.045 INFO  o.s.boot.web.embedded.tomcat.TomcatWebServer      :108 
            [32m                  [0;39m Tomcat initialized with port(s): 8880 (http)
2023-06-07 18:41:11.216 INFO  o.s.b.w.s.c.ServletWebServerApplicationContext    :289 
            [32m                  [0;39m Root WebApplicationContext: initialization completed in 3127 ms
2023-06-07 18:41:12.190 INFO  o.s.b.d.autoconfigure.OptionalLiveReloadServer    :58  
            [32m                  [0;39m LiveReload server is running on port 35729
2023-06-07 18:41:12.300 INFO  o.s.boot.web.embedded.tomcat.TomcatWebServer      :220 
            [32m                  [0;39m Tomcat started on port(s): 8880 (http) with context path ''
2023-06-07 18:41:12.325 INFO  com.luckusyusei.wiki.config.WikiApplication       :61  
            [32m                  [0;39m Started WikiApplication in 6.848 seconds (JVM running for 11.018)
2023-06-07 18:41:12.333 INFO  com.luckusyusei.wiki.config.WikiApplication       :17  
            [32m                  [0;39m Start
2023-06-07 18:41:12.334 INFO  com.luckusyusei.wiki.config.WikiApplication       :18  
            [32m                  [0;39m http://127.0.0.1:8880
